<?xml version="1.0" encoding="UTF-8"?>
<testsuite xmlns:xsi="http://www.w3.org/2001/XMLSchema-instance" xsi:noNamespaceSchemaLocation="https://maven.apache.org/surefire/maven-surefire-plugin/xsd/surefire-test-report-3.0.xsd" version="3.0" name="com.umariana.torneouniversitariofutbolsalon.test.TorneoTest" time="1.14" tests="15" errors="0" skipped="0" failures="0">
  <properties>
    <property name="java.specification.version" value="21"/>
    <property name="sun.cpu.isalist" value="amd64"/>
    <property name="sun.jnu.encoding" value="Cp1252"/>
    <property name="java.class.path" value="E:\Programacion\Neatbeans\Torneos-de-futbol-salon\target\test-classes;E:\Programacion\Neatbeans\Torneos-de-futbol-salon\target\classes;C:\Users\Usuario 1\.m2\repository\org\junit\jupiter\junit-jupiter-api\5.9.3\junit-jupiter-api-5.9.3.jar;C:\Users\Usuario 1\.m2\repository\org\opentest4j\opentest4j\1.2.0\opentest4j-1.2.0.jar;C:\Users\Usuario 1\.m2\repository\org\junit\platform\junit-platform-commons\1.9.3\junit-platform-commons-1.9.3.jar;C:\Users\Usuario 1\.m2\repository\org\apiguardian\apiguardian-api\1.1.2\apiguardian-api-1.1.2.jar;C:\Users\Usuario 1\.m2\repository\org\junit\jupiter\junit-jupiter-engine\5.9.3\junit-jupiter-engine-5.9.3.jar;C:\Users\Usuario 1\.m2\repository\org\junit\platform\junit-platform-engine\1.9.3\junit-platform-engine-1.9.3.jar;C:\Users\Usuario 1\.m2\repository\org\junit\platform\junit-platform-launcher\1.9.3\junit-platform-launcher-1.9.3.jar;C:\Users\Usuario 1\.m2\repository\com\mysql\mysql-connector-j\8.4.0\mysql-connector-j-8.4.0.jar;C:\Users\Usuario 1\.m2\repository\com\google\protobuf\protobuf-java\3.25.1\protobuf-java-3.25.1.jar;"/>
    <property name="java.vm.vendor" value="Oracle Corporation"/>
    <property name="sun.arch.data.model" value="64"/>
    <property name="user.variant" value=""/>
    <property name="java.vendor.url" value="https://java.oracle.com/"/>
    <property name="user.timezone" value="America/Bogota"/>
    <property name="os.name" value="Windows 11"/>
    <property name="java.vm.specification.version" value="21"/>
    <property name="user.country" value="CO"/>
    <property name="sun.java.launcher" value="SUN_STANDARD"/>
    <property name="sun.boot.library.path" value="C:\Program Files\Java\jdk-21\bin"/>
    <property name="sun.java.command" value="C:\Users\Usuario 1\AppData\Local\Temp\surefire13327490930127600298\surefirebooter-20251009155755367_3.jar C:\Users\Usuario 1\AppData\Local\Temp\surefire13327490930127600298 2025-10-09T15-57-55_233-jvmRun1 surefire-20251009155755367_1tmp surefire_0-20251009155755367_2tmp"/>
    <property name="jdk.debug" value="release"/>
    <property name="test" value="com.umariana.torneouniversitariofutbolsalon.test.TorneoTest"/>
    <property name="surefire.test.class.path" value="E:\Programacion\Neatbeans\Torneos-de-futbol-salon\target\test-classes;E:\Programacion\Neatbeans\Torneos-de-futbol-salon\target\classes;C:\Users\Usuario 1\.m2\repository\org\junit\jupiter\junit-jupiter-api\5.9.3\junit-jupiter-api-5.9.3.jar;C:\Users\Usuario 1\.m2\repository\org\opentest4j\opentest4j\1.2.0\opentest4j-1.2.0.jar;C:\Users\Usuario 1\.m2\repository\org\junit\platform\junit-platform-commons\1.9.3\junit-platform-commons-1.9.3.jar;C:\Users\Usuario 1\.m2\repository\org\apiguardian\apiguardian-api\1.1.2\apiguardian-api-1.1.2.jar;C:\Users\Usuario 1\.m2\repository\org\junit\jupiter\junit-jupiter-engine\5.9.3\junit-jupiter-engine-5.9.3.jar;C:\Users\Usuario 1\.m2\repository\org\junit\platform\junit-platform-engine\1.9.3\junit-platform-engine-1.9.3.jar;C:\Users\Usuario 1\.m2\repository\org\junit\platform\junit-platform-launcher\1.9.3\junit-platform-launcher-1.9.3.jar;C:\Users\Usuario 1\.m2\repository\com\mysql\mysql-connector-j\8.4.0\mysql-connector-j-8.4.0.jar;C:\Users\Usuario 1\.m2\repository\com\google\protobuf\protobuf-java\3.25.1\protobuf-java-3.25.1.jar;"/>
    <property name="sun.cpu.endian" value="little"/>
    <property name="user.home" value="C:\Users\Usuario 1"/>
    <property name="user.language" value="es"/>
    <property name="java.specification.vendor" value="Oracle Corporation"/>
    <property name="java.version.date" value="2024-01-16"/>
    <property name="java.home" value="C:\Program Files\Java\jdk-21"/>
    <property name="file.separator" value="\"/>
    <property name="basedir" value="E:\Programacion\Neatbeans\Torneos-de-futbol-salon"/>
    <property name="java.vm.compressedOopsMode" value="Zero based"/>
    <property name="line.separator" value="&#10;"/>
    <property name="java.vm.specification.vendor" value="Oracle Corporation"/>
    <property name="java.specification.name" value="Java Platform API Specification"/>
    <property name="surefire.real.class.path" value="C:\Users\Usuario 1\AppData\Local\Temp\surefire13327490930127600298\surefirebooter-20251009155755367_3.jar"/>
    <property name="user.script" value=""/>
    <property name="sun.management.compiler" value="HotSpot 64-Bit Tiered Compilers"/>
    <property name="java.runtime.version" value="21.0.2+13-LTS-58"/>
    <property name="user.name" value="Usuario 1"/>
    <property name="stdout.encoding" value="Cp1252"/>
    <property name="path.separator" value=";"/>
    <property name="os.version" value="10.0"/>
    <property name="java.runtime.name" value="Java(TM) SE Runtime Environment"/>
    <property name="file.encoding" value="UTF-8"/>
    <property name="java.vm.name" value="Java HotSpot(TM) 64-Bit Server VM"/>
    <property name="maven.ext.class.path" value="C:\Program Files\NetBeans-21\netbeans\java\maven-nblib\netbeans-eventspy.jar;C:\Program Files\NetBeans-21\netbeans\java\maven-nblib\netbeans-eventspy.jar"/>
    <property name="localRepository" value="C:\Users\Usuario 1\.m2\repository"/>
    <property name="java.vendor.url.bug" value="https://bugreport.java.com/bugreport/"/>
    <property name="java.io.tmpdir" value="C:\Users\USUARI~1\AppData\Local\Temp\"/>
    <property name="java.version" value="21.0.2"/>
    <property name="user.dir" value="E:\Programacion\Neatbeans\Torneos-de-futbol-salon"/>
    <property name="os.arch" value="amd64"/>
    <property name="java.vm.specification.name" value="Java Virtual Machine Specification"/>
    <property name="sun.os.patch.level" value=""/>
    <property name="native.encoding" value="Cp1252"/>
    <property name="java.library.path" value="C:\Program Files\Java\jdk-21\bin;C:\WINDOWS\Sun\Java\bin;C:\WINDOWS\system32;C:\WINDOWS;C:\Users\Usuario 1\AppData\Local\Programs\Python\Python312\Scripts\;C:\Users\Usuario 1\AppData\Local\Programs\Python\Python312\;C:\Program Files\Common Files\Oracle\Java\javapath;C:\Program Files (x86)\Common Files\Oracle\Java\javapath;C:\Program Files\Eclipse Adoptium\jdk-17.0.6.10-hotspot\bin;C:\Windows\system32;C:\Windows;C:\Windows\System32\Wbem;C:\Windows\System32\WindowsPowerShell\v1.0\;C:\Windows\System32\OpenSSH\;C:\Program Files (x86)\NVIDIA Corporation\PhysX\Common;c:\Program Files (x86)\Acustica\Framework\;c:\Program Files\Acustica\Framework\;C:\Program Files\Git\cmd;C:\WINDOWS\system32;C:\WINDOWS;C:\WINDOWS\System32\Wbem;C:\WINDOWS\System32\WindowsPowerShell\v1.0\;C:\WINDOWS\System32\OpenSSH\;C:\Maven\bin;C:\ProgramData\chocolatey\bin;C:\Users\Usuario 1\AppData\Roaming\nvm;C:\Program Files\nodejs;C:\Program Files\dotnet\;C:\Program Files\NVIDIA Corporation\NVIDIA app\NvDLISR;C:\Program Files\GTK3-Runtime Win64\bin;C:\Program Files\Graphviz\bin;C:\Users\Usuario 1\.console-ninja\.bin;C:\Users\Usuario 1\AppData\Local\Programs\Python\Python313\Scripts\;C:\Users\Usuario 1\AppData\Local\Programs\Python\Python313\;C:\Users\Usuario 1\.cargo\bin;C:\Users\Usuario 1\AppData\Local\Programs\Python\Launcher\;C:\Program Files\MySQL\MySQL Shell 8.0\bin\;C:\Users\Usuario 1\AppData\Local\Microsoft\WindowsApps;E:\Aplicaciones\Visual studio code\Microsoft VS Code\bin;C:\Users\Usuario 1\AppData\Local\Programs\Python\Python312\Scripts;C:\Users\Usuario 1\AppData\Roaming\nvm;C:\Program Files\nodejs;C:\Users\Usuario 1\AppData\Local\Microsoft\WindowsApps;;."/>
    <property name="java.vm.info" value="mixed mode, sharing"/>
    <property name="stderr.encoding" value="Cp1252"/>
    <property name="java.vendor" value="Oracle Corporation"/>
    <property name="java.vm.version" value="21.0.2+13-LTS-58"/>
    <property name="sun.io.unicode.encoding" value="UnicodeLittle"/>
    <property name="java.class.version" value="65.0"/>
  </properties>
  <testcase name="testEliminarEquipoConJugadores" classname="com.umariana.torneouniversitariofutbolsalon.test.TorneoTest" time="0.485">
    <system-out><![CDATA[==== Iniciando pruebas de Torneo ====
Base de datos limpiada correctamente
Conexion establecida correctamente

--- Nuevo test iniciado ---
--- Test finalizado ---

]]></system-out>
  </testcase>
  <testcase name="testJugadorDuplicadoEnOtroEquipo" classname="com.umariana.torneouniversitariofutbolsalon.test.TorneoTest" time="0.072">
    <system-out><![CDATA[Base de datos limpiada correctamente
Conexion establecida correctamente

--- Nuevo test iniciado ---
--- Test finalizado ---

]]></system-out>
  </testcase>
  <testcase name="testEliminarJugadorInexistente" classname="com.umariana.torneouniversitariofutbolsalon.test.TorneoTest" time="0.044">
    <system-out><![CDATA[Base de datos limpiada correctamente
Conexion establecida correctamente

--- Nuevo test iniciado ---
--- Test finalizado ---

]]></system-out>
  </testcase>
  <testcase name="testRegistrarJugador" classname="com.umariana.torneouniversitariofutbolsalon.test.TorneoTest" time="0.057">
    <system-out><![CDATA[Base de datos limpiada correctamente
Conexion establecida correctamente

--- Nuevo test iniciado ---
--- Test finalizado ---

]]></system-out>
  </testcase>
  <testcase name="testListarJugadoresPorEquipo" classname="com.umariana.torneouniversitariofutbolsalon.test.TorneoTest" time="0.064">
    <system-out><![CDATA[Base de datos limpiada correctamente
Conexion establecida correctamente

--- Nuevo test iniciado ---
--- Test finalizado ---

]]></system-out>
  </testcase>
  <testcase name="testRegistrarJugadorEquipoInexistente" classname="com.umariana.torneouniversitariofutbolsalon.test.TorneoTest" time="0.03">
    <system-out><![CDATA[Base de datos limpiada correctamente
Conexion establecida correctamente

--- Nuevo test iniciado ---
--- Test finalizado ---

]]></system-out>
  </testcase>
  <testcase name="testEditarJugador" classname="com.umariana.torneouniversitariofutbolsalon.test.TorneoTest" time="0.061">
    <system-out><![CDATA[Base de datos limpiada correctamente
Conexion establecida correctamente

--- Nuevo test iniciado ---
--- Test finalizado ---

]]></system-out>
  </testcase>
  <testcase name="testListarEquiposVacio" classname="com.umariana.torneouniversitariofutbolsalon.test.TorneoTest" time="0.027">
    <system-out><![CDATA[Base de datos limpiada correctamente
Conexion establecida correctamente

--- Nuevo test iniciado ---
--- Test finalizado ---

]]></system-out>
  </testcase>
  <testcase name="testEliminarEquipoInexistente" classname="com.umariana.torneouniversitariofutbolsalon.test.TorneoTest" time="0.025">
    <system-out><![CDATA[Base de datos limpiada correctamente
Conexion establecida correctamente

--- Nuevo test iniciado ---
--- Test finalizado ---

]]></system-out>
  </testcase>
  <testcase name="testListarJugadoresEquipoVacio" classname="com.umariana.torneouniversitariofutbolsalon.test.TorneoTest" time="0.041">
    <system-out><![CDATA[Base de datos limpiada correctamente
Conexion establecida correctamente

--- Nuevo test iniciado ---
--- Test finalizado ---

]]></system-out>
  </testcase>
  <testcase name="testEquipoDuplicado" classname="com.umariana.torneouniversitariofutbolsalon.test.TorneoTest" time="0.034">
    <system-out><![CDATA[Base de datos limpiada correctamente
Conexion establecida correctamente

--- Nuevo test iniciado ---
--- Test finalizado ---

]]></system-out>
  </testcase>
  <testcase name="testRegistrarEquipo" classname="com.umariana.torneouniversitariofutbolsalon.test.TorneoTest" time="0.038">
    <system-out><![CDATA[Base de datos limpiada correctamente
Conexion establecida correctamente

--- Nuevo test iniciado ---
[CP001] Registrar equipo nuevo
--- Test finalizado ---

]]></system-out>
  </testcase>
  <testcase name="testEditarJugadorInexistente" classname="com.umariana.torneouniversitariofutbolsalon.test.TorneoTest" time="0.033">
    <system-out><![CDATA[Base de datos limpiada correctamente
Conexion establecida correctamente

--- Nuevo test iniciado ---
--- Test finalizado ---

]]></system-out>
  </testcase>
  <testcase name="testListarEquipos" classname="com.umariana.torneouniversitariofutbolsalon.test.TorneoTest" time="0.045">
    <system-out><![CDATA[Base de datos limpiada correctamente
Conexion establecida correctamente

--- Nuevo test iniciado ---
--- Test finalizado ---

]]></system-out>
  </testcase>
  <testcase name="testEliminarJugador" classname="com.umariana.torneouniversitariofutbolsalon.test.TorneoTest" time="0.053">
    <system-out><![CDATA[Base de datos limpiada correctamente
Conexion establecida correctamente

--- Nuevo test iniciado ---
--- Test finalizado ---

]]></system-out>
  </testcase>
</testsuite>